Arguments: 
  C:\Program Files\nodejs\node.exe C:\Program Files\nodejs\node_modules\yarn\bin\yarn.js add reactstrap@5.0.0 react-popper@0.9.2

PATH: 
  C:\Windows\system32;C:\Windows;C:\Windows\System32\Wbem;C:\Windows\System32\WindowsPowerShell\v1.0\;C:\Windows\System32\OpenSSH\;C:\Program Files\Java\jdk-14.0.2\bin;C:\MinGW\bin;C:\Program Files\Git\cmd;C:\Program Files\NVIDIA Corporation\NVIDIA NvDLISR;C:\Program Files (x86)\NVIDIA Corporation\PhysX\Common;C:\Program Files\MongoDB\Server\4.4\bin;C:\Users\User\AppData\Local\Programs\Python\Python38;C:\Users\User\AppData\Local\Programs\Python\Python38\Scripts;C:\Program Files\Cppcheck;C:\Program Files\CF;C:\Program Files\Sublime Text 3;C:\Program Files\Uncrustify;C:\ProgramData\chocolatey\bin;C:\Program Files (x86)\cmder;C:\Program Files\Docker\Docker\resources\bin;C:\ProgramData\DockerDesktop\version-bin;\\wsl$\Ubuntu-18.04\usr\bin;C:\cygwin64\bin;C:\Users\User\AppData\Roaming\nvm;C:\Program Files\nodejs;C:\Users\User\anaconda3;C:\Users\User\anaconda3\Library\mingw-w64\bin;C:\Users\User\anaconda3\Library\usr\bin;C:\Users\User\anaconda3\Library\bin;C:\Users\User\anaconda3\Scripts;C:\Program Files\MySQL\MySQL Shell 8.0\bin\;C:\Users\User\AppData\Local\Microsoft\WindowsApps;D:\Microsoft VS Code\bin;C:\Users\User\AppData\Roaming\npm;C:\Users\User\AppData\Roaming\nvm;C:\Program Files\nodejs

Yarn version: 
  1.22.10

Node version: 
  14.15.4

Platform: 
  win32 x64

Trace: 
  Error: ENOENT: no such file or directory, copyfile 'C:\Users\User\AppData\Local\Yarn\Cache\v6\npm-source-map-0.5.7-8a039d2d1021d22d1ea14c80d8ea468ba2ef3fcc-integrity\node_modules\source-map\LICENSE' -> 'D:\mern\mern-shop\project\frontend\node_modules\jest-config\node_modules\source-map\LICENSE'

npm manifest: 
  {
    "name": "frontend",
    "version": "0.1.0",
    "private": true,
    "dependencies": {
      "@coreui/coreui": "^3.4.0",
      "@coreui/icons": "^1.0.1",
      "@coreui/icons-react": "^1.0.2",
      "@coreui/react": "^3.4.5",
      "@emotion/react": "^11.1.5",
      "@emotion/styled": "^11.1.5",
      "@material-ui/core": "^4.11.3",
      "@material-ui/icons": "^4.11.2",
      "@testing-library/jest-dom": "^5.11.9",
      "@testing-library/react": "^11.2.3",
      "@testing-library/user-event": "^12.6.2",
      "email-validator": "^2.0.4",
      "formik": "^2.2.6",
      "node-sass": "^4.14.1",
      "react": "^17.0.1",
      "react-dom": "^17.0.1",
      "react-icons": "^4.1.0",
      "react-router-dom": "^5.2.0",
      "react-scripts": "4.0.1",
      "web-vitals": "^0.2.4",
      "yup": "^0.32.8"
    },
    "scripts": {
      "start": "react-scripts start",
      "build": "react-scripts build",
      "test": "react-scripts test",
      "eject": "react-scripts eject"
    },
    "eslintConfig": {
      "extends": [
        "react-app",
        "react-app/jest"
      ]
    },
    "browserslist": {
      "production": [
        ">0.2%",
        "not dead",
        "not op_mini all"
      ],
      "development": [
        "last 1 chrome version",
        "last 1 firefox version",
        "last 1 safari version"
      ]
    }
  }

yarn manifest: 
  No manifest

Lockfile: 
  No lockfile
